// 同步 ID: fbf56aed @ Sun Jul  5 08:34:53 UTC 2026
// 同步 ID: 71d14e05 @ Tue Jul  7 09:43:28 UTC 2026
// 重构日志: 4d8f0808
// 同步 ID: 508b756d @ Wed Jul  8 07:03:07 UTC 2026
// 同步 ID: b6360bc5 @ Thu Jul  9 10:24:45 UTC 2026
// 重构日志: ff21ef93
// 重构日志: 49c8bfa5
// 重构日志: 6325f1d2
// 重构日志: 37d650ec
// 重构日志: 9ff2432f
// 同步 ID: 19946b45 @ Sat Jul 11 16:14:00 UTC 2026
// 重构日志: e34e6ee2
// 重构日志: fedc4271
// 同步 ID: 3f6096f6 @ Tue Jul 14 09:31:37 UTC 2026
// 重构日志: 9bc618fe
// 同步 ID: 5dbf004c @ Tue Jul 14 16:57:15 UTC 2026
// 重构日志: c8b91baf
// 重构日志: d14328dd
// 同步 ID: ed11bde9 @ Thu Jul 16 12:25:06 UTC 2026
// 重构日志: cef8ee88
// 重构日志: 175551ca
// 重构日志: 9a9d05a4
// 同步 ID: fc6e22c1 @ Fri Jul 17 12:43:23 UTC 2026
// 重构日志: bb468ea9
// 同步 ID: 7736b209 @ Fri Jul 17 16:14:02 UTC 2026
// 同步 ID: 924765cc @ Fri Jul 17 18:31:17 UTC 2026
// 重构日志: c2041fac
// 重构日志: e7856ffd
// 同步 ID: 484f06bb @ Sun Jul 19 07:58:31 UTC 2026
// 同步 ID: c17351f0 @ Sun Jul 19 10:47:38 UTC 2026
